2025-06-25 14:50:39 - import_dependency_reorganizer - INFO - 依存関係ベースフォルダ構造整理を開始
2025-06-25 14:50:39 - import_dependency_reorganizer - INFO - プロジェクトルート: /home/cphelper/project-cph
2025-06-25 14:50:39 - import_dependency_reorganizer - INFO - 解析対象: /home/cphelper/project-cph/test_src_phase3
2025-06-25 14:50:39 - import_dependency_reorganizer - INFO - === Phase 1 開始 ===
2025-06-25 14:50:39 - import_dependency_reorganizer - INFO - 発見されたPythonファイル数: 0
2025-06-25 14:50:39 - import_dependency_reorganizer - WARNING - Pythonファイルが見つかりませんでした
2025-06-25 14:50:39 - import_dependency_reorganizer - INFO - 実行ログを保存: /home/cphelper/project-cph/src_check/src_processors/auto_correct/import_dependency_reorganizer/logs/reorganizer_20250625_145039.json
2025-06-25 14:50:39 - import_dependency_reorganizer - INFO - 実行統計
2025-06-25 14:50:39 - import_dependency_reorganizer - INFO - 依存関係ベースフォルダ構造整理を開始
2025-06-25 14:50:39 - import_dependency_reorganizer - INFO - プロジェクトルート: /home/cphelper/project-cph
2025-06-25 14:50:39 - import_dependency_reorganizer - INFO - 解析対象: /home/cphelper/project-cph/test_src_phase3
2025-06-25 14:50:39 - import_dependency_reorganizer - INFO - === Phase 1 開始 ===
2025-06-25 14:50:39 - import_dependency_reorganizer - INFO - 発見されたPythonファイル数: 0
2025-06-25 14:50:39 - import_dependency_reorganizer - WARNING - Pythonファイルが見つかりませんでした
2025-06-25 14:50:39 - import_dependency_reorganizer - INFO - 実行ログを保存: /home/cphelper/project-cph/src_check/src_processors/auto_correct/import_dependency_reorganizer/logs/reorganizer_20250625_145039.json
2025-06-25 14:50:39 - import_dependency_reorganizer - INFO - 実行統計
2025-06-25 14:50:39 - import_dependency_reorganizer - INFO - 依存関係ベースフォルダ構造整理を開始
2025-06-25 14:50:39 - import_dependency_reorganizer - INFO - プロジェクトルート: /home/cphelper/project-cph
2025-06-25 14:50:39 - import_dependency_reorganizer - INFO - 解析対象: /home/cphelper/project-cph/test_src_phase3
2025-06-25 14:50:39 - import_dependency_reorganizer - INFO - === Phase 1 開始 ===
2025-06-25 14:50:39 - import_dependency_reorganizer - INFO - 発見されたPythonファイル数: 0
2025-06-25 14:50:39 - import_dependency_reorganizer - WARNING - Pythonファイルが見つかりませんでした
2025-06-25 14:50:39 - import_dependency_reorganizer - INFO - 実行ログを保存: /home/cphelper/project-cph/src_check/src_processors/auto_correct/import_dependency_reorganizer/logs/reorganizer_20250625_145039.json
2025-06-25 14:50:39 - import_dependency_reorganizer - INFO - 実行統計
